[0m21:45:57.821376 [debug] [MainThread]: Sending event: {'category': 'dbt', 'action': 'invocation', 'label': 'start', 'context': [<snowplow_tracker.self_describing_json.SelfDescribingJson object at 0x7c8304281400>, <snowplow_tracker.self_describing_json.SelfDescribingJson object at 0x7c83056991d0>, <snowplow_tracker.self_describing_json.SelfDescribingJson object at 0x7c83035cbed0>]}


============================== 21:45:57.823118 | db59a5c3-24e9-4b0d-807d-adbe02e80559 ==============================
[0m21:45:57.823118 [info ] [MainThread]: Running with dbt=1.9.3
[0m21:45:57.823411 [debug] [MainThread]: running dbt with arguments {'printer_width': '80', 'indirect_selection': 'eager', 'write_json': 'True', 'log_cache_events': 'False', 'partial_parse': 'True', 'cache_selected_only': 'False', 'warn_error': 'None', 'debug': 'False', 'version_check': 'True', 'log_path': '/home/doni/Dev/datalore-dbt/logs', 'profiles_dir': '/home/doni/.dbt', 'fail_fast': 'False', 'use_colors': 'True', 'use_experimental_parser': 'False', 'empty': 'None', 'quiet': 'False', 'no_print': 'None', 'warn_error_options': 'WarnErrorOptions(include=[], exclude=[])', 'invocation_command': 'dbt init', 'introspect': 'True', 'static_parser': 'True', 'target_path': 'None', 'log_format': 'default', 'send_anonymous_usage_stats': 'True'}
[0m21:45:57.826995 [info ] [MainThread]: Setting up your profile.
[0m21:46:36.878827 [info ] [MainThread]: Profile datalore-dbt written to /home/doni/.dbt/profiles.yml using target's profile_template.yml and your supplied values. Run 'dbt debug' to validate the connection.
[0m21:46:36.888570 [debug] [MainThread]: Resource report: {"command_name": "init", "command_success": true, "command_wall_clock_time": 39.093422, "process_in_blocks": "16", "process_kernel_time": 0.097314, "process_mem_max_rss": "204900", "process_out_blocks": "160", "process_user_time": 2.519929}
[0m21:46:36.888897 [debug] [MainThread]: Command `dbt init` succeeded at 21:46:36.888842 after 39.09 seconds
[0m21:46:36.889110 [debug] [MainThread]: Sending event: {'category': 'dbt', 'action': 'invocation', 'label': 'end', 'context': [<snowplow_tracker.self_describing_json.SelfDescribingJson object at 0x7c82cb58d220>, <snowplow_tracker.self_describing_json.SelfDescribingJson object at 0x7c830380fe30>, <snowplow_tracker.self_describing_json.SelfDescribingJson object at 0x7c82cb556ad0>]}
[0m21:46:36.889353 [debug] [MainThread]: Flushing usage events
[0m21:46:37.079241 [debug] [MainThread]: An error was encountered while trying to flush usage events
[0m21:46:53.532022 [debug] [MainThread]: Sending event: {'category': 'dbt', 'action': 'invocation', 'label': 'start', 'context': [<snowplow_tracker.self_describing_json.SelfDescribingJson object at 0x745d0c45d400>, <snowplow_tracker.self_describing_json.SelfDescribingJson object at 0x745d0d8711d0>, <snowplow_tracker.self_describing_json.SelfDescribingJson object at 0x745d0b7afed0>]}


============================== 21:46:53.533836 | a7d85b8b-3fa8-41a7-96a2-9d2b84bd46b8 ==============================
[0m21:46:53.533836 [info ] [MainThread]: Running with dbt=1.9.3
[0m21:46:53.534137 [debug] [MainThread]: running dbt with arguments {'printer_width': '80', 'indirect_selection': 'eager', 'log_cache_events': 'False', 'write_json': 'True', 'partial_parse': 'True', 'cache_selected_only': 'False', 'warn_error': 'None', 'fail_fast': 'False', 'debug': 'False', 'log_path': '/home/doni/Dev/datalore-dbt/logs', 'version_check': 'True', 'profiles_dir': '/home/doni/.dbt', 'use_colors': 'True', 'use_experimental_parser': 'False', 'empty': 'None', 'quiet': 'False', 'no_print': 'None', 'log_format': 'default', 'static_parser': 'True', 'invocation_command': 'dbt debug', 'warn_error_options': 'WarnErrorOptions(include=[], exclude=[])', 'target_path': 'None', 'introspect': 'True', 'send_anonymous_usage_stats': 'True'}
[0m21:46:53.537794 [info ] [MainThread]: dbt version: 1.9.3
[0m21:46:53.537992 [info ] [MainThread]: python version: 3.13.2
[0m21:46:53.538156 [info ] [MainThread]: python path: /home/doni/Dev/datalore-dbt/env/bin/python
[0m21:46:53.538318 [info ] [MainThread]: os info: Linux-6.13.5-arch1-1-x86_64-with-glibc2.41
[0m21:46:53.868392 [info ] [MainThread]: Using profiles dir at /home/doni/.dbt
[0m21:46:53.868651 [info ] [MainThread]: Using profiles.yml file at /home/doni/.dbt/profiles.yml
[0m21:46:53.868824 [info ] [MainThread]: Using dbt_project.yml file at /home/doni/Dev/datalore-dbt/dbt_project.yml
[0m21:46:53.868989 [info ] [MainThread]: adapter type: bigquery
[0m21:46:53.869133 [info ] [MainThread]: adapter version: 1.9.1
[0m21:46:53.898656 [info ] [MainThread]: Configuration:
[0m21:46:53.898937 [info ] [MainThread]:   profiles.yml file [[32mOK found and valid[0m]
[0m21:46:53.899108 [info ] [MainThread]:   dbt_project.yml file [[31mERROR invalid[0m]
[0m21:46:53.899269 [info ] [MainThread]: Required dependencies:
[0m21:46:53.899436 [debug] [MainThread]: Executing "git --help"
[0m21:46:53.900594 [debug] [MainThread]: STDOUT: "b"usage: git [-v | --version] [-h | --help] [-C <path>] [-c <name>=<value>]\n           [--exec-path[=<path>]] [--html-path] [--man-path] [--info-path]\n           [-p | --paginate | -P | --no-pager] [--no-replace-objects] [--no-lazy-fetch]\n           [--no-optional-locks] [--no-advice] [--bare] [--git-dir=<path>]\n           [--work-tree=<path>] [--namespace=<name>] [--config-env=<name>=<envvar>]\n           <command> [<args>]\n\nThese are common Git commands used in various situations:\n\nstart a working area (see also: git help tutorial)\n   clone     Clone a repository into a new directory\n   init      Create an empty Git repository or reinitialize an existing one\n\nwork on the current change (see also: git help everyday)\n   add       Add file contents to the index\n   mv        Move or rename a file, a directory, or a symlink\n   restore   Restore working tree files\n   rm        Remove files from the working tree and from the index\n\nexamine the history and state (see also: git help revisions)\n   bisect    Use binary search to find the commit that introduced a bug\n   diff      Show changes between commits, commit and working tree, etc\n   grep      Print lines matching a pattern\n   log       Show commit logs\n   show      Show various types of objects\n   status    Show the working tree status\n\ngrow, mark and tweak your common history\n   branch    List, create, or delete branches\n   commit    Record changes to the repository\n   merge     Join two or more development histories together\n   rebase    Reapply commits on top of another base tip\n   reset     Reset current HEAD to the specified state\n   switch    Switch branches\n   tag       Create, list, delete or verify a tag object signed with GPG\n\ncollaborate (see also: git help workflows)\n   fetch     Download objects and refs from another repository\n   pull      Fetch from and integrate with another repository or a local branch\n   push      Update remote refs along with associated objects\n\n'git help -a' and 'git help -g' list available subcommands and some\nconcept guides. See 'git help <command>' or 'git help <concept>'\nto read about a specific subcommand or concept.\nSee 'git help git' for an overview of the system.\n""
[0m21:46:53.900857 [debug] [MainThread]: STDERR: "b''"
[0m21:46:53.901025 [info ] [MainThread]:  - git [[32mOK found[0m]

[0m21:46:53.901185 [info ] [MainThread]: Connection:
[0m21:46:53.901358 [info ] [MainThread]:   method: oauth
[0m21:46:53.901511 [info ] [MainThread]:   database: datalore-freelancer
[0m21:46:53.901668 [info ] [MainThread]:   execution_project: datalore-freelancer
[0m21:46:53.901818 [info ] [MainThread]:   schema: freelancer_projects
[0m21:46:53.901965 [info ] [MainThread]:   location: US
[0m21:46:53.902108 [info ] [MainThread]:   priority: interactive
[0m21:46:53.902258 [info ] [MainThread]:   maximum_bytes_billed: None
[0m21:46:53.902403 [info ] [MainThread]:   impersonate_service_account: None
[0m21:46:53.902544 [info ] [MainThread]:   job_retry_deadline_seconds: None
[0m21:46:53.902685 [info ] [MainThread]:   job_retries: 1
[0m21:46:53.902826 [info ] [MainThread]:   job_creation_timeout_seconds: None
[0m21:46:53.902968 [info ] [MainThread]:   job_execution_timeout_seconds: 300
[0m21:46:53.903109 [info ] [MainThread]:   timeout_seconds: 300
[0m21:46:53.903246 [info ] [MainThread]:   client_id: None
[0m21:46:53.903387 [info ] [MainThread]:   token_uri: None
[0m21:46:53.903532 [info ] [MainThread]:   dataproc_region: None
[0m21:46:53.903682 [info ] [MainThread]:   dataproc_cluster_name: None
[0m21:46:53.903827 [info ] [MainThread]:   gcs_bucket: None
[0m21:46:53.903967 [info ] [MainThread]:   dataproc_batch: None
[0m21:46:53.904197 [info ] [MainThread]: Registered adapter: bigquery=1.9.1
[0m21:46:53.939704 [debug] [MainThread]: Acquiring new bigquery connection 'debug'
[0m21:46:53.940020 [debug] [MainThread]: On debug: select 1 as id
[0m21:46:53.940251 [debug] [MainThread]: Opening a new connection, currently in state init
[0m21:46:55.239638 [debug] [MainThread]: BigQuery adapter: https://console.cloud.google.com/bigquery?project=datalore-freelancer&j=bq:US:fdfcb145-3243-4803-877b-afa457c0c8a5&page=queryresults
[0m21:46:55.630896 [info ] [MainThread]:   Connection test: [[32mOK connection ok[0m]

[0m21:46:55.631190 [info ] [MainThread]: [31m1 check failed:[0m
[0m21:46:55.631357 [info ] [MainThread]: Project loading failed for the following reason:
Runtime Error
  at path ['name']: 'datalore-dbt' does not match '^[^\\d\\W]\\w*$'

Error encountered in /home/doni/Dev/datalore-dbt/dbt_project.yml


[0m21:46:55.631897 [debug] [MainThread]: Resource report: {"command_name": "debug", "command_success": false, "command_wall_clock_time": 2.1273103, "process_in_blocks": "32", "process_kernel_time": 0.082462, "process_mem_max_rss": "214240", "process_out_blocks": "32", "process_user_time": 2.574717}
[0m21:46:55.632139 [debug] [MainThread]: Command `dbt debug` failed at 21:46:55.632095 after 2.13 seconds
[0m21:46:55.632336 [debug] [MainThread]: Connection 'debug' was properly closed.
[0m21:46:55.632529 [debug] [MainThread]: Sending event: {'category': 'dbt', 'action': 'invocation', 'label': 'end', 'context': [<snowplow_tracker.self_describing_json.SelfDescribingJson object at 0x745cd36e5810>, <snowplow_tracker.self_describing_json.SelfDescribingJson object at 0x745cd36ebe30>, <snowplow_tracker.self_describing_json.SelfDescribingJson object at 0x745cd374b570>]}
[0m21:46:55.632776 [debug] [MainThread]: Flushing usage events
[0m21:46:55.832331 [debug] [MainThread]: An error was encountered while trying to flush usage events
[0m21:47:29.342296 [debug] [MainThread]: Sending event: {'category': 'dbt', 'action': 'invocation', 'label': 'start', 'context': [<snowplow_tracker.self_describing_json.SelfDescribingJson object at 0x74ac47ef1400>, <snowplow_tracker.self_describing_json.SelfDescribingJson object at 0x74ac493291d0>, <snowplow_tracker.self_describing_json.SelfDescribingJson object at 0x74ac4723fed0>]}


============================== 21:47:29.344029 | 023831dd-1544-4784-a557-8b87d724d51a ==============================
[0m21:47:29.344029 [info ] [MainThread]: Running with dbt=1.9.3
[0m21:47:29.344362 [debug] [MainThread]: running dbt with arguments {'printer_width': '80', 'indirect_selection': 'eager', 'log_cache_events': 'False', 'write_json': 'True', 'partial_parse': 'True', 'cache_selected_only': 'False', 'warn_error': 'None', 'debug': 'False', 'fail_fast': 'False', 'log_path': '/home/doni/Dev/datalore-dbt/logs', 'version_check': 'True', 'profiles_dir': '/home/doni/.dbt', 'use_colors': 'True', 'use_experimental_parser': 'False', 'no_print': 'None', 'quiet': 'False', 'empty': 'None', 'warn_error_options': 'WarnErrorOptions(include=[], exclude=[])', 'static_parser': 'True', 'invocation_command': 'dbt debug', 'log_format': 'default', 'target_path': 'None', 'introspect': 'True', 'send_anonymous_usage_stats': 'True'}
[0m21:47:29.347952 [info ] [MainThread]: dbt version: 1.9.3
[0m21:47:29.348165 [info ] [MainThread]: python version: 3.13.2
[0m21:47:29.348340 [info ] [MainThread]: python path: /home/doni/Dev/datalore-dbt/env/bin/python
[0m21:47:29.348499 [info ] [MainThread]: os info: Linux-6.13.5-arch1-1-x86_64-with-glibc2.41
[0m21:47:29.680551 [info ] [MainThread]: Using profiles dir at /home/doni/.dbt
[0m21:47:29.685882 [info ] [MainThread]: Using profiles.yml file at /home/doni/.dbt/profiles.yml
[0m21:47:29.686122 [info ] [MainThread]: Using dbt_project.yml file at /home/doni/Dev/datalore-dbt/dbt_project.yml
[0m21:47:29.686303 [info ] [MainThread]: adapter type: bigquery
[0m21:47:29.686465 [info ] [MainThread]: adapter version: 1.9.1
[0m21:47:29.738741 [info ] [MainThread]: Configuration:
[0m21:47:29.739030 [info ] [MainThread]:   profiles.yml file [[32mOK found and valid[0m]
[0m21:47:29.739198 [info ] [MainThread]:   dbt_project.yml file [[32mOK found and valid[0m]
[0m21:47:29.739367 [info ] [MainThread]: Required dependencies:
[0m21:47:29.739532 [debug] [MainThread]: Executing "git --help"
[0m21:47:29.740470 [debug] [MainThread]: STDOUT: "b"usage: git [-v | --version] [-h | --help] [-C <path>] [-c <name>=<value>]\n           [--exec-path[=<path>]] [--html-path] [--man-path] [--info-path]\n           [-p | --paginate | -P | --no-pager] [--no-replace-objects] [--no-lazy-fetch]\n           [--no-optional-locks] [--no-advice] [--bare] [--git-dir=<path>]\n           [--work-tree=<path>] [--namespace=<name>] [--config-env=<name>=<envvar>]\n           <command> [<args>]\n\nThese are common Git commands used in various situations:\n\nstart a working area (see also: git help tutorial)\n   clone     Clone a repository into a new directory\n   init      Create an empty Git repository or reinitialize an existing one\n\nwork on the current change (see also: git help everyday)\n   add       Add file contents to the index\n   mv        Move or rename a file, a directory, or a symlink\n   restore   Restore working tree files\n   rm        Remove files from the working tree and from the index\n\nexamine the history and state (see also: git help revisions)\n   bisect    Use binary search to find the commit that introduced a bug\n   diff      Show changes between commits, commit and working tree, etc\n   grep      Print lines matching a pattern\n   log       Show commit logs\n   show      Show various types of objects\n   status    Show the working tree status\n\ngrow, mark and tweak your common history\n   branch    List, create, or delete branches\n   commit    Record changes to the repository\n   merge     Join two or more development histories together\n   rebase    Reapply commits on top of another base tip\n   reset     Reset current HEAD to the specified state\n   switch    Switch branches\n   tag       Create, list, delete or verify a tag object signed with GPG\n\ncollaborate (see also: git help workflows)\n   fetch     Download objects and refs from another repository\n   pull      Fetch from and integrate with another repository or a local branch\n   push      Update remote refs along with associated objects\n\n'git help -a' and 'git help -g' list available subcommands and some\nconcept guides. See 'git help <command>' or 'git help <concept>'\nto read about a specific subcommand or concept.\nSee 'git help git' for an overview of the system.\n""
[0m21:47:29.740754 [debug] [MainThread]: STDERR: "b''"
[0m21:47:29.740912 [info ] [MainThread]:  - git [[32mOK found[0m]

[0m21:47:29.741082 [info ] [MainThread]: Connection:
[0m21:47:29.741238 [info ] [MainThread]:   method: oauth
[0m21:47:29.741383 [info ] [MainThread]:   database: datalore-freelancer
[0m21:47:29.741533 [info ] [MainThread]:   execution_project: datalore-freelancer
[0m21:47:29.741691 [info ] [MainThread]:   schema: freelancer_projects
[0m21:47:29.741837 [info ] [MainThread]:   location: US
[0m21:47:29.741979 [info ] [MainThread]:   priority: interactive
[0m21:47:29.742118 [info ] [MainThread]:   maximum_bytes_billed: None
[0m21:47:29.742258 [info ] [MainThread]:   impersonate_service_account: None
[0m21:47:29.742399 [info ] [MainThread]:   job_retry_deadline_seconds: None
[0m21:47:29.742534 [info ] [MainThread]:   job_retries: 1
[0m21:47:29.742676 [info ] [MainThread]:   job_creation_timeout_seconds: None
[0m21:47:29.742823 [info ] [MainThread]:   job_execution_timeout_seconds: 300
[0m21:47:29.742965 [info ] [MainThread]:   timeout_seconds: 300
[0m21:47:29.743104 [info ] [MainThread]:   client_id: None
[0m21:47:29.743241 [info ] [MainThread]:   token_uri: None
[0m21:47:29.743373 [info ] [MainThread]:   dataproc_region: None
[0m21:47:29.743511 [info ] [MainThread]:   dataproc_cluster_name: None
[0m21:47:29.743656 [info ] [MainThread]:   gcs_bucket: None
[0m21:47:29.743793 [info ] [MainThread]:   dataproc_batch: None
[0m21:47:29.744032 [info ] [MainThread]: Registered adapter: bigquery=1.9.1
[0m21:47:29.778670 [debug] [MainThread]: Acquiring new bigquery connection 'debug'
[0m21:47:29.778974 [debug] [MainThread]: On debug: select 1 as id
[0m21:47:29.779178 [debug] [MainThread]: Opening a new connection, currently in state init
[0m21:47:30.896913 [debug] [MainThread]: BigQuery adapter: https://console.cloud.google.com/bigquery?project=datalore-freelancer&j=bq:US:cd765cb4-389e-40eb-9939-e56d76b8bb41&page=queryresults
[0m21:47:31.267315 [info ] [MainThread]:   Connection test: [[32mOK connection ok[0m]

[0m21:47:31.267625 [info ] [MainThread]: [32mAll checks passed![0m
[0m21:47:31.268310 [debug] [MainThread]: Resource report: {"command_name": "debug", "command_success": true, "command_wall_clock_time": 1.9524802, "process_in_blocks": "0", "process_kernel_time": 0.097317, "process_mem_max_rss": "213736", "process_out_blocks": "32", "process_user_time": 2.584587}
[0m21:47:31.268585 [debug] [MainThread]: Command `dbt debug` succeeded at 21:47:31.268524 after 1.95 seconds
[0m21:47:31.268788 [debug] [MainThread]: Connection 'debug' was properly closed.
[0m21:47:31.269007 [debug] [MainThread]: Sending event: {'category': 'dbt', 'action': 'invocation', 'label': 'end', 'context': [<snowplow_tracker.self_describing_json.SelfDescribingJson object at 0x74ac0f1ca3f0>, <snowplow_tracker.self_describing_json.SelfDescribingJson object at 0x74ac0f01b0b0>, <snowplow_tracker.self_describing_json.SelfDescribingJson object at 0x74ac0f22b790>]}
[0m21:47:31.269244 [debug] [MainThread]: Flushing usage events
[0m21:47:31.516804 [debug] [MainThread]: An error was encountered while trying to flush usage events
[0m21:48:41.052355 [debug] [MainThread]: Sending event: {'category': 'dbt', 'action': 'invocation', 'label': 'start', 'context': [<snowplow_tracker.self_describing_json.SelfDescribingJson object at 0x72db86fd1400>, <snowplow_tracker.self_describing_json.SelfDescribingJson object at 0x72db883691d0>, <snowplow_tracker.self_describing_json.SelfDescribingJson object at 0x72db8631bed0>]}


============================== 21:48:41.054161 | eb140756-8ba3-4c8e-be88-4de7374d7cb3 ==============================
[0m21:48:41.054161 [info ] [MainThread]: Running with dbt=1.9.3
[0m21:48:41.054496 [debug] [MainThread]: running dbt with arguments {'printer_width': '80', 'indirect_selection': 'eager', 'log_cache_events': 'False', 'write_json': 'True', 'partial_parse': 'True', 'cache_selected_only': 'False', 'warn_error': 'None', 'version_check': 'True', 'profiles_dir': '/home/doni/.dbt', 'log_path': '/home/doni/Dev/datalore-dbt/logs', 'fail_fast': 'False', 'debug': 'False', 'use_colors': 'True', 'use_experimental_parser': 'False', 'empty': 'None', 'quiet': 'False', 'no_print': 'None', 'log_format': 'default', 'introspect': 'True', 'warn_error_options': 'WarnErrorOptions(include=[], exclude=[])', 'invocation_command': 'dbt debug', 'target_path': 'None', 'static_parser': 'True', 'send_anonymous_usage_stats': 'True'}
[0m21:48:41.058140 [info ] [MainThread]: dbt version: 1.9.3
[0m21:48:41.058343 [info ] [MainThread]: python version: 3.13.2
[0m21:48:41.058529 [info ] [MainThread]: python path: /home/doni/Dev/datalore-dbt/env/bin/python
[0m21:48:41.058722 [info ] [MainThread]: os info: Linux-6.13.5-arch1-1-x86_64-with-glibc2.41
[0m21:48:41.398143 [info ] [MainThread]: Using profiles dir at /home/doni/.dbt
[0m21:48:41.398409 [info ] [MainThread]: Using profiles.yml file at /home/doni/.dbt/profiles.yml
[0m21:48:41.398579 [info ] [MainThread]: Using dbt_project.yml file at /home/doni/Dev/datalore-dbt/dbt_project.yml
[0m21:48:41.398745 [info ] [MainThread]: adapter type: bigquery
[0m21:48:41.398908 [info ] [MainThread]: adapter version: 1.9.1
[0m21:48:41.445799 [info ] [MainThread]: Configuration:
[0m21:48:41.446077 [info ] [MainThread]:   profiles.yml file [[32mOK found and valid[0m]
[0m21:48:41.446243 [info ] [MainThread]:   dbt_project.yml file [[32mOK found and valid[0m]
[0m21:48:41.446400 [info ] [MainThread]: Required dependencies:
[0m21:48:41.446577 [debug] [MainThread]: Executing "git --help"
[0m21:48:41.447625 [debug] [MainThread]: STDOUT: "b"usage: git [-v | --version] [-h | --help] [-C <path>] [-c <name>=<value>]\n           [--exec-path[=<path>]] [--html-path] [--man-path] [--info-path]\n           [-p | --paginate | -P | --no-pager] [--no-replace-objects] [--no-lazy-fetch]\n           [--no-optional-locks] [--no-advice] [--bare] [--git-dir=<path>]\n           [--work-tree=<path>] [--namespace=<name>] [--config-env=<name>=<envvar>]\n           <command> [<args>]\n\nThese are common Git commands used in various situations:\n\nstart a working area (see also: git help tutorial)\n   clone     Clone a repository into a new directory\n   init      Create an empty Git repository or reinitialize an existing one\n\nwork on the current change (see also: git help everyday)\n   add       Add file contents to the index\n   mv        Move or rename a file, a directory, or a symlink\n   restore   Restore working tree files\n   rm        Remove files from the working tree and from the index\n\nexamine the history and state (see also: git help revisions)\n   bisect    Use binary search to find the commit that introduced a bug\n   diff      Show changes between commits, commit and working tree, etc\n   grep      Print lines matching a pattern\n   log       Show commit logs\n   show      Show various types of objects\n   status    Show the working tree status\n\ngrow, mark and tweak your common history\n   branch    List, create, or delete branches\n   commit    Record changes to the repository\n   merge     Join two or more development histories together\n   rebase    Reapply commits on top of another base tip\n   reset     Reset current HEAD to the specified state\n   switch    Switch branches\n   tag       Create, list, delete or verify a tag object signed with GPG\n\ncollaborate (see also: git help workflows)\n   fetch     Download objects and refs from another repository\n   pull      Fetch from and integrate with another repository or a local branch\n   push      Update remote refs along with associated objects\n\n'git help -a' and 'git help -g' list available subcommands and some\nconcept guides. See 'git help <command>' or 'git help <concept>'\nto read about a specific subcommand or concept.\nSee 'git help git' for an overview of the system.\n""
[0m21:48:41.447872 [debug] [MainThread]: STDERR: "b''"
[0m21:48:41.448027 [info ] [MainThread]:  - git [[32mOK found[0m]

[0m21:48:41.448180 [info ] [MainThread]: Connection:
[0m21:48:41.448344 [info ] [MainThread]:   method: oauth
[0m21:48:41.448495 [info ] [MainThread]:   database: datalore-freelancer
[0m21:48:41.448647 [info ] [MainThread]:   execution_project: datalore-freelancer
[0m21:48:41.448787 [info ] [MainThread]:   schema: freelancer_projects
[0m21:48:41.448936 [info ] [MainThread]:   location: US
[0m21:48:41.449080 [info ] [MainThread]:   priority: interactive
[0m21:48:41.449224 [info ] [MainThread]:   maximum_bytes_billed: None
[0m21:48:41.449366 [info ] [MainThread]:   impersonate_service_account: None
[0m21:48:41.449506 [info ] [MainThread]:   job_retry_deadline_seconds: None
[0m21:48:41.449652 [info ] [MainThread]:   job_retries: 1
[0m21:48:41.449796 [info ] [MainThread]:   job_creation_timeout_seconds: None
[0m21:48:41.449936 [info ] [MainThread]:   job_execution_timeout_seconds: 300
[0m21:48:41.450074 [info ] [MainThread]:   timeout_seconds: 300
[0m21:48:41.450212 [info ] [MainThread]:   client_id: None
[0m21:48:41.450347 [info ] [MainThread]:   token_uri: None
[0m21:48:41.450487 [info ] [MainThread]:   dataproc_region: None
[0m21:48:41.450637 [info ] [MainThread]:   dataproc_cluster_name: None
[0m21:48:41.450787 [info ] [MainThread]:   gcs_bucket: None
[0m21:48:41.450929 [info ] [MainThread]:   dataproc_batch: None
[0m21:48:41.451152 [info ] [MainThread]: Registered adapter: bigquery=1.9.1
[0m21:48:41.485613 [debug] [MainThread]: Acquiring new bigquery connection 'debug'
[0m21:48:41.485903 [debug] [MainThread]: On debug: select 1 as id
[0m21:48:41.486103 [debug] [MainThread]: Opening a new connection, currently in state init
[0m21:48:42.641406 [debug] [MainThread]: BigQuery adapter: https://console.cloud.google.com/bigquery?project=datalore-freelancer&j=bq:US:78947def-3e28-46cb-86e5-22e47245cc78&page=queryresults
[0m21:48:43.000601 [info ] [MainThread]:   Connection test: [[32mOK connection ok[0m]

[0m21:48:43.000903 [info ] [MainThread]: [32mAll checks passed![0m
[0m21:48:43.001440 [debug] [MainThread]: Resource report: {"command_name": "debug", "command_success": true, "command_wall_clock_time": 1.9759645, "process_in_blocks": "0", "process_kernel_time": 0.098391, "process_mem_max_rss": "213816", "process_out_blocks": "24", "process_user_time": 2.566144}
[0m21:48:43.001707 [debug] [MainThread]: Command `dbt debug` succeeded at 21:48:43.001656 after 1.98 seconds
[0m21:48:43.001893 [debug] [MainThread]: Connection 'debug' was properly closed.
[0m21:48:43.002105 [debug] [MainThread]: Sending event: {'category': 'dbt', 'action': 'invocation', 'label': 'end', 'context': [<snowplow_tracker.self_describing_json.SelfDescribingJson object at 0x72db4e2e23f0>, <snowplow_tracker.self_describing_json.SelfDescribingJson object at 0x72db4e152f90>, <snowplow_tracker.self_describing_json.SelfDescribingJson object at 0x72db4e347790>]}
[0m21:48:43.002325 [debug] [MainThread]: Flushing usage events
[0m21:48:43.393063 [debug] [MainThread]: An error was encountered while trying to flush usage events
